2024-09-26 14:50:07,874 - Signature database is up to date.
2024-09-26 14:50:47,310 - Signature database is up to date.
2024-09-26 14:50:52,369 - Scan completed. Scanned: 49, Threats: 0, Time: 0.02s
2024-09-26 14:54:50,411 - Signature database is up to date.
2024-09-26 14:56:40,896 - Signature database is up to date.
2024-09-26 14:56:52,601 - Scan completed. Scanned: 49, Threats: 0, Time: 4.07s
2024-09-26 14:58:12,535 - Scan completed. Scanned: 49, Threats: 0, Time: 0.03s
2024-09-26 14:58:34,319 - Scan completed. Scanned: 49, Threats: 0, Time: 0.02s
2024-09-26 15:03:06,569 - Signature database is up to date.
2024-09-26 15:03:24,419 - Scan completed. Scanned: 1, Threats: 0, Time: 0.01s
2024-09-26 15:03:34,809 - Scan completed. Scanned: 1, Threats: 0, Time: 0.01s
2024-09-26 15:03:56,304 - Scan completed. Scanned: 1, Threats: 0, Time: 0.00s
2024-09-26 15:05:21,255 - Signature database is up to date.
2024-09-26 15:05:26,388 - Scan completed. Scanned: 1, Threats: 0, Time: 0.00s
2024-09-26 15:05:33,715 - Scan completed. Scanned: 1, Threats: 0, Time: 0.00s
2024-09-26 15:09:12,703 - Signature database is up to date.
2024-09-26 15:09:18,156 - Threat found: C:/Users/Ахмет/Desktop/Реальный проект/eicar/eicar\eicar.com (EICAR Test Virus)
2024-09-26 15:09:18,157 - Scan completed. Scanned: 1, Threats: 1, Time: 0.00s
2024-09-26 15:09:53,917 - Scan completed. Scanned: 1, Threats: 0, Time: 0.00s
2024-09-26 15:09:57,139 - Threat found: C:/Users/Ахмет/Desktop/Реальный проект/eicar/eicar\eicar.com (EICAR Test Virus)
2024-09-26 15:09:57,140 - Scan completed. Scanned: 1, Threats: 1, Time: 0.00s
2024-09-26 15:10:02,956 - Scan completed. Scanned: 1, Threats: 0, Time: 0.00s
2024-09-26 15:10:04,922 - Threat found: C:/Users/Ахмет/Desktop/Реальный проект/eicar/eicar\eicar.com (EICAR Test Virus)
2024-09-26 15:10:04,923 - Scan completed. Scanned: 1, Threats: 1, Time: 0.01s
2024-09-26 17:23:01,008 - Signature database is up to date.
2024-09-26 17:23:08,885 - Threat found: C:/Users/Ахмет/Desktop/Реальный проект/eicar\eicar\eicar.com (EICAR Test Virus)
2024-09-26 17:23:08,885 - Scan completed. Scanned: 1, Threats: 1, Time: 0.00s
2024-09-26 17:23:37,540 - Scan completed. Scanned: 1, Threats: 0, Time: 0.00s
2024-09-26 17:23:41,449 - Threat found: C:/Users/Ахмет/Desktop/Реальный проект/eicar\eicar\eicar.com (EICAR Test Virus)
2024-09-26 17:23:41,449 - Scan completed. Scanned: 1, Threats: 1, Time: 0.00s
2024-10-01 20:19:21,392 - Signature database is up to date.
2024-10-01 20:19:34,078 - Scan completed. Scanned: 0, Threats: 0, Time: 0.00s
2024-10-01 20:19:39,965 - Scan completed. Scanned: 0, Threats: 0, Time: 0.00s
2024-10-03 16:31:49,420 - Signature database updated successfully.
2024-10-03 16:33:50,478 - Signature database updated successfully.
2024-10-03 16:35:32,687 - Signature database updated successfully.
2024-10-03 16:35:50,989 - Signature database updated successfully.
2024-10-03 16:35:52,028 - Signatures saved to signatures.csv successfully.
2024-10-03 16:42:07,906 - Scan completed. Scanned: 1, Threats: 0, Time: 2.19s
2024-10-03 16:42:15,408 - Scan completed. Scanned: 1, Threats: 0, Time: 0.01s
2024-10-03 16:42:20,245 - Scan completed. Scanned: 1, Threats: 0, Time: 0.00s
2024-10-03 16:47:41,161 - Signature database updated successfully.
2024-10-03 16:47:44,066 - Signatures saved to signatures.csv successfully.
2024-10-03 16:48:03,019 - Threat found: C:/Users/Ахмет/Desktop/antivirus/eicar\eicar.com (Eicar virus)
2024-10-03 16:48:03,019 - Scan completed. Scanned: 1, Threats: 1, Time: 0.00s
2024-10-03 17:14:36,777 - Signature database updated successfully.
2024-10-03 17:14:40,439 - Signatures saved to signatures.csv successfully.
2024-10-03 17:19:52,293 - Signature database updated successfully.
2024-10-03 17:19:53,470 - Signatures saved to signatures.csv successfully.
2024-10-03 17:22:21,966 - Scan completed. Scanned: 1, Threats: 0, Time: 0.01s
2024-10-03 17:47:38,636 - Scan completed. Scanned: 1, Threats: 0, Time: 0.02s
2024-10-03 17:50:07,080 - Scan completed. Scanned: 1, Threats: 0, Time: 0.00s
2024-10-03 17:50:25,097 - Signature database updated successfully.
2024-10-03 17:50:29,001 - Signatures saved to signatures.csv successfully.
2024-10-03 17:51:41,868 - Threat found: C:/Users/Ахмет/Desktop/antivirus/eicar\eicar.com (eicer virus)
2024-10-03 17:51:41,868 - Scan completed. Scanned: 1, Threats: 1, Time: 0.00s
2024-12-05 15:00:53,543 - Failed to update signature database: 404 Client Error: Not Found for url: https://creativecode.kz/api/signatures
2024-12-05 15:02:05,060 - Scan completed. Scanned: 7, Threats: 0, Time: 0.04s
2024-12-05 15:27:37,485 - Failed to update signature database: 404 Client Error: Not Found for url: https://creativecode.kz/api/signatures
2024-12-05 15:27:46,043 - Pika version 1.3.2 connecting to ('::1', 5672, 0, 0)
2024-12-05 15:27:46,043 - Socket connected: <socket.socket fd=2708, family=23, type=1, proto=6, laddr=('::1', 51338, 0, 0), raddr=('::1', 5672, 0, 0)>
2024-12-05 15:27:46,044 - Streaming transport linked up: (<pika.adapters.utils.io_services_utils._AsyncPlaintextTransport object at 0x0000023BD4734C50>, _StreamingProtocolShim: <SelectConnection PROTOCOL transport=<pika.adapters.utils.io_services_utils._AsyncPlaintextTransport object at 0x0000023BD4734C50> params=<ConnectionParameters host=localhost port=5672 virtual_host=/ ssl=False>>).
2024-12-05 15:27:46,089 - AMQPConnector - reporting success: <SelectConnection OPEN transport=<pika.adapters.utils.io_services_utils._AsyncPlaintextTransport object at 0x0000023BD4734C50> params=<ConnectionParameters host=localhost port=5672 virtual_host=/ ssl=False>>
2024-12-05 15:27:46,090 - AMQPConnectionWorkflow - reporting success: <SelectConnection OPEN transport=<pika.adapters.utils.io_services_utils._AsyncPlaintextTransport object at 0x0000023BD4734C50> params=<ConnectionParameters host=localhost port=5672 virtual_host=/ ssl=False>>
2024-12-05 15:27:46,090 - Connection workflow succeeded: <SelectConnection OPEN transport=<pika.adapters.utils.io_services_utils._AsyncPlaintextTransport object at 0x0000023BD4734C50> params=<ConnectionParameters host=localhost port=5672 virtual_host=/ ssl=False>>
2024-12-05 15:27:46,090 - Created channel=1
2024-12-05 15:27:46,101 - Closing connection (200): Normal shutdown
2024-12-05 15:27:46,101 - Closing channel (200): 'Normal shutdown' on <Channel number=1 OPEN conn=<SelectConnection OPEN transport=<pika.adapters.utils.io_services_utils._AsyncPlaintextTransport object at 0x0000023BD4734C50> params=<ConnectionParameters host=localhost port=5672 virtual_host=/ ssl=False>>>
2024-12-05 15:27:46,102 - Received <Channel.CloseOk> on <Channel number=1 CLOSING conn=<SelectConnection OPEN transport=<pika.adapters.utils.io_services_utils._AsyncPlaintextTransport object at 0x0000023BD4734C50> params=<ConnectionParameters host=localhost port=5672 virtual_host=/ ssl=False>>>
2024-12-05 15:27:46,103 - Closing connection (200): 'Normal shutdown'
2024-12-05 15:27:46,103 - Aborting transport connection: state=1; <socket.socket fd=2708, family=23, type=1, proto=6, laddr=('::1', 51338, 0, 0), raddr=('::1', 5672, 0, 0)>
2024-12-05 15:27:46,103 - _AsyncTransportBase._initate_abort(): Initiating abrupt asynchronous transport shutdown: state=1; error=None; <socket.socket fd=2708, family=23, type=1, proto=6, laddr=('::1', 51338, 0, 0), raddr=('::1', 5672, 0, 0)>
2024-12-05 15:27:46,104 - Deactivating transport: state=1; <socket.socket fd=2708, family=23, type=1, proto=6, laddr=('::1', 51338, 0, 0), raddr=('::1', 5672, 0, 0)>
2024-12-05 15:27:46,104 - AMQP stack terminated, failed to connect, or aborted: opened=True, error-arg=None; pending-error=ConnectionClosedByClient: (200) 'Normal shutdown'
2024-12-05 15:27:46,104 - Stack terminated due to ConnectionClosedByClient: (200) 'Normal shutdown'
2024-12-05 15:27:46,104 - Closing transport socket and unlinking: state=3; <socket.socket fd=2708, family=23, type=1, proto=6, laddr=('::1', 51338, 0, 0), raddr=('::1', 5672, 0, 0)>
2024-12-05 15:27:46,104 - User-initiated close: result=BlockingConnection__OnClosedArgs(connection=<SelectConnection CLOSED transport=None params=<ConnectionParameters host=localhost port=5672 virtual_host=/ ssl=False>>, error=ConnectionClosedByClient: (200) 'Normal shutdown')
2024-12-05 15:27:46,108 - Pika version 1.3.2 connecting to ('::1', 5672, 0, 0)
2024-12-05 15:27:46,109 - Socket connected: <socket.socket fd=3212, family=23, type=1, proto=6, laddr=('::1', 51341, 0, 0), raddr=('::1', 5672, 0, 0)>
2024-12-05 15:27:46,109 - Streaming transport linked up: (<pika.adapters.utils.io_services_utils._AsyncPlaintextTransport object at 0x0000023BD47373D0>, _StreamingProtocolShim: <SelectConnection PROTOCOL transport=<pika.adapters.utils.io_services_utils._AsyncPlaintextTransport object at 0x0000023BD47373D0> params=<ConnectionParameters host=localhost port=5672 virtual_host=/ ssl=False>>).
2024-12-05 15:27:46,114 - AMQPConnector - reporting success: <SelectConnection OPEN transport=<pika.adapters.utils.io_services_utils._AsyncPlaintextTransport object at 0x0000023BD47373D0> params=<ConnectionParameters host=localhost port=5672 virtual_host=/ ssl=False>>
2024-12-05 15:27:46,114 - AMQPConnectionWorkflow - reporting success: <SelectConnection OPEN transport=<pika.adapters.utils.io_services_utils._AsyncPlaintextTransport object at 0x0000023BD47373D0> params=<ConnectionParameters host=localhost port=5672 virtual_host=/ ssl=False>>
2024-12-05 15:27:46,114 - Connection workflow succeeded: <SelectConnection OPEN transport=<pika.adapters.utils.io_services_utils._AsyncPlaintextTransport object at 0x0000023BD47373D0> params=<ConnectionParameters host=localhost port=5672 virtual_host=/ ssl=False>>
2024-12-05 15:27:46,115 - Created channel=1
2024-12-05 15:27:46,116 - Closing connection (200): Normal shutdown
2024-12-05 15:27:46,116 - Closing channel (200): 'Normal shutdown' on <Channel number=1 OPEN conn=<SelectConnection OPEN transport=<pika.adapters.utils.io_services_utils._AsyncPlaintextTransport object at 0x0000023BD47373D0> params=<ConnectionParameters host=localhost port=5672 virtual_host=/ ssl=False>>>
2024-12-05 15:27:46,117 - Received <Channel.CloseOk> on <Channel number=1 CLOSING conn=<SelectConnection OPEN transport=<pika.adapters.utils.io_services_utils._AsyncPlaintextTransport object at 0x0000023BD47373D0> params=<ConnectionParameters host=localhost port=5672 virtual_host=/ ssl=False>>>
2024-12-05 15:27:46,117 - Closing connection (200): 'Normal shutdown'
2024-12-05 15:27:46,118 - Aborting transport connection: state=1; <socket.socket fd=3212, family=23, type=1, proto=6, laddr=('::1', 51341, 0, 0), raddr=('::1', 5672, 0, 0)>
2024-12-05 15:27:46,118 - _AsyncTransportBase._initate_abort(): Initiating abrupt asynchronous transport shutdown: state=1; error=None; <socket.socket fd=3212, family=23, type=1, proto=6, laddr=('::1', 51341, 0, 0), raddr=('::1', 5672, 0, 0)>
2024-12-05 15:27:46,118 - Deactivating transport: state=1; <socket.socket fd=3212, family=23, type=1, proto=6, laddr=('::1', 51341, 0, 0), raddr=('::1', 5672, 0, 0)>
2024-12-05 15:27:46,118 - AMQP stack terminated, failed to connect, or aborted: opened=True, error-arg=None; pending-error=ConnectionClosedByClient: (200) 'Normal shutdown'
2024-12-05 15:27:46,118 - Stack terminated due to ConnectionClosedByClient: (200) 'Normal shutdown'
2024-12-05 15:27:46,118 - Closing transport socket and unlinking: state=3; <socket.socket fd=3212, family=23, type=1, proto=6, laddr=('::1', 51341, 0, 0), raddr=('::1', 5672, 0, 0)>
2024-12-05 15:27:46,118 - User-initiated close: result=BlockingConnection__OnClosedArgs(connection=<SelectConnection CLOSED transport=None params=<ConnectionParameters host=localhost port=5672 virtual_host=/ ssl=False>>, error=ConnectionClosedByClient: (200) 'Normal shutdown')
2024-12-05 15:27:46,119 - Scan tasks dispatched. Scanned: 2, Time: 0.08s
